<?xml version="1.0" encoding="UTF-8"?>
<!-- Generated by org.testng.reporters.JUnitReportReporter -->
<testsuite hostname="Sudipas-MacBook-Pro.local" failures="0" tests="1" name="RestAPI.GetRequest" time="3.716" errors="0" timestamp="04 Dec 2021 07:25:09 GMT" skipped="0">
  <testcase classname="RestAPI.GetRequest" name="getCall" time="3.716"/>
</testsuite> <!-- RestAPI.GetRequest -->
