<?xml version="1.0" encoding="UTF-8"?>
<!-- Generated by org.testng.reporters.JUnitReportReporter -->
<testsuite hostname="Sudipas-MacBook-Pro.local" failures="0" tests="1" name="oAuth.oAuthExample" time="4.068" errors="0" timestamp="28 Nov 2021 16:58:14 GMT" skipped="0">
  <testcase classname="oAuth.oAuthExample" name="test1" time="4.068"/>
</testsuite> <!-- oAuth.oAuthExample -->
