<?xml version="1.0" encoding="UTF-8"?>
<!-- Generated by org.testng.reporters.JUnitReportReporter -->
<testsuite hostname="Sudipas-MacBook-Pro.local" failures="0" tests="1" name="RestAPI.PostRequestWithmap" time="3.034" errors="0" timestamp="04 Dec 2021 06:56:13 GMT" skipped="0">
  <testcase classname="RestAPI.PostRequestWithmap" name="postCall" time="3.034"/>
</testsuite> <!-- RestAPI.PostRequestWithmap -->
