<?xml version="1.0" encoding="UTF-8"?>
<!-- Generated by org.testng.reporters.JUnitReportReporter -->
<testsuite hostname="Sudipas-MacBook-Pro.local" failures="0" tests="1" name="RestAPI.DeleteRequest" time="2.320" errors="0" timestamp="04 Dec 2021 06:58:00 GMT" skipped="0">
  <testcase classname="RestAPI.DeleteRequest" name="deleteCall" time="2.320"/>
</testsuite> <!-- RestAPI.DeleteRequest -->
