<?xml version="1.0" encoding="UTF-8"?>
<!-- Generated by org.testng.reporters.JUnitReportReporter -->
<testsuite hostname="Sudipas-MacBook-Pro.local" failures="0" tests="1" name="RestAPI.PutRequest" time="2.590" errors="0" timestamp="04 Dec 2021 06:56:53 GMT" skipped="0">
  <testcase classname="RestAPI.PutRequest" name="putCall" time="2.590"/>
</testsuite> <!-- RestAPI.PutRequest -->
